Generating 3D model for part TL071CD/SO8_4204567780.
	*Warning: No mapping for cell/part TL071CD/SO8_4204567780
Generating 3D model for part UA741/SO8_2752679936.
	*Warning: No mapping for cell/part UA741/SO8_2752679936
Generating 3D model for part UA741/SO8_3391947832.
	*Warning: No mapping for cell/part UA741/SO8_3391947832
Generating 3D model for part 100K/5%/0.125W_2335051517.
	*Warning: No mapping for cell/part 100K/5%/0.125W_2335051517
Generating 3D model for part LM35DZ/TO92_2358018644.
	*Warning: No mapping for cell/part LM35DZ/TO92_2358018644
Generating 3D model for part 220K/5%/0.125W_2335051517.
	*Warning: No mapping for cell/part 220K/5%/0.125W_2335051517
Generating 3D model for part 10K/5%/0.125W_2335051517.
	*Warning: No mapping for cell/part 10K/5%/0.125W_2335051517
Generating 3D model for part TRIMMER/1K_3745416742.
	*Warning: No mapping for cell/part TRIMMER/1K_3745416742
Generating 3D model for part TM_BLOCK/3P_4123153097.
	*Warning: No mapping for cell/part TM_BLOCK/3P_4123153097
Generating 3D model for part 10NF/50V/CER_2335051517.
	*Warning: No mapping for cell/part 10NF/50V/CER_2335051517
Generating 3D model for part 150K/5%/0.125W_2335051517.
	*Warning: No mapping for cell/part 150K/5%/0.125W_2335051517
Generating 3D model for part BC547/TO92/0.1A_2358018644.
	*Warning: No mapping for cell/part BC547/TO92/0.1A_2358018644
Generating 3D model for part 100R/5%/0.125W_2335051517.
	*Warning: No mapping for cell/part 100R/5%/0.125W_2335051517
Generating 3D model for part TM_BLOCK/2P_3426227105.
	*Warning: No mapping for cell/part TM_BLOCK/2P_3426227105
Generating 3D model for part 100UF/10V/TAN_2859287589.
	*Warning: No mapping for cell/part 100UF/10V/TAN_2859287589
Generating 3D model for part 150R/5%/0.125W_2335051517.
	*Warning: No mapping for cell/part 150R/5%/0.125W_2335051517
